<?xml version="1.0" encoding="UTF-8"?>
<!-- Generated by org.testng.reporters.JUnitReportReporter -->
<testsuite hostname="Winggus-Gear" failures="0" tests="1" name="org.example.AppTest" time="0.008" errors="0" timestamp="2020-07-28T22:25:29 CEST" skipped="0">
  <testcase classname="org.example.AppTest" name="shouldAnswerWithTrue" time="0.008"/>
</testsuite> <!-- org.example.AppTest -->
